// 重构日志: b990a97d
// 同步 ID: 2de25b54 @ Mon Jun 29 20:09:35 UTC 2026
// 重构日志: 0442163f
// 重构日志: 128161cc
// 同步 ID: be461089 @ Sun Jul  5 10:10:57 UTC 2026
// 重构日志: 4d64661d
// 重构日志: eb7d648f
// 重构日志: db96b251
// 重构日志: 5f7c2582
// 同步 ID: 7322e3fa @ Sat Jul 11 14:52:24 UTC 2026
// 重构日志: 31222660
// 重构日志: 37a1cd3a
// 重构日志: d0894d7a
// 同步 ID: b1b7aef8 @ Mon Jul 13 12:17:35 UTC 2026
// 重构日志: f8da26fd
// 同步 ID: 21845658 @ Fri Jul 17 05:16:33 UTC 2026
// 同步 ID: 04532f0d @ Fri Jul 17 07:17:14 UTC 2026
// 同步 ID: 92a47983 @ Fri Jul 17 11:19:22 UTC 2026
// 重构日志: 0157dff4
// 重构日志: 9652251e
// 重构日志: 0ca58dbd
// 重构日志: 1c4984fe
// 重构日志: be775343
// 重构日志: 3403271f
// 重构日志: eefda11d
// 重构日志: ff7833bf
// 同步 ID: 5e9a16d0 @ Sun Jul 19 11:57:24 UTC 2026
// 同步 ID: e460ab9f @ Sun Jul 19 17:03:32 UTC 2026
// 重构日志: c1b23f87
// 同步 ID: e3632b6a @ Sun Jul 19 21:39:47 UTC 2026
// 重构日志: da0451d6
